Added Component: Designator=C1(C 0603_L)
Added Component: Designator=C2(C 0603_L)
Added Component: Designator=C3(C 0603_L)
Added Component: Designator=C4(C 0603_L)
Added Component: Designator=C5(C 0603_L)
Added Component: Designator=C6(C 0603_L)
Added Component: Designator=C7(C 0603_L)
Added Component: Designator=C8(C 0603_L)
Added Component: Designator=C9(C 0603_L)
Added Component: Designator=C10(C 0603_L)
Added Component: Designator=C11(C 0603_L)
Added Component: Designator=C12(C 0603_L)
Added Component: Designator=C13(C 0603_L)
Added Component: Designator=C14(C 0603_L)
Added Component: Designator=C15(C 0603_L)
Added Component: Designator=C16(C 0603_L)
Added Component: Designator=C17(C 0603_L)
Added Component: Designator=C18(C 0603_L)
Added Component: Designator=C19(C 0603_L)
Added Component: Designator=C20(C 0603_L)
Added Component: Designator=C21(C 0603_L)
Added Component: Designator=E1(CM B(4*5.4))
Added Component: Designator=E2(CM B(4*5.4))
Added Component: Designator=F1(R 0603-HP_L)
Added Component: Designator=JP1(CHE2*25)
Added Component: Designator=JP2(HDR2.54-WS-5P)
Added Component: Designator=LED1(0603RGB)
Added Component: Designator=LED2(LED 0805G)
Added Component: Designator=M1(ESP32-S Module SP)
Added Component: Designator=OLED_1(OLED_0.91)
Added Component: Designator=R1(R 0603_L)
Added Component: Designator=R2(R 0603_L)
Added Component: Designator=R3(R 0603_L)
Added Component: Designator=R4(R 0603_L)
Added Component: Designator=R5(R 0603_L)
Added Component: Designator=R6(R 0603_L)
Added Component: Designator=R7(R 0603_L)
Added Component: Designator=R8(R 0603_L)
Added Component: Designator=R9(RCA-8P4R-0402)
Added Component: Designator=R10(R 0603_L)
Added Component: Designator=R11(R 0603_L)
Added Component: Designator=R12(R 0603_L)
Added Component: Designator=R13(R 0603_L)
Added Component: Designator=R14(R 0603_L)
Added Component: Designator=R15(R 0603_L)
Added Component: Designator=R16(R 0603_L)
Added Component: Designator=R17(R 0603_L)
Added Component: Designator=S1(MSK-12C01-07)
Added Component: Designator=SP1(M3x4+6_N)
Added Component: Designator=SP2(M3x4+6_N)
Added Component: Designator=SP3(M3x4+6_N)
Added Component: Designator=SP4(M3x4+6_N)
Added Component: Designator=SW1(TSW SMD-4*4*1.5)
Added Component: Designator=SW2(TSW SMD-4*4*1.5)
Added Component: Designator=U1(QFN_24)
Added Component: Designator=U2(SOP8W_L)
Added Component: Designator=U3(LQFP48_L)
Added Component: Designator=U4(MSOP10_L)
Added Component: Designator=USBC1(USB-C-SMD_TYPE-C-USB-5)
Added Component: Designator=V1(SOT223_L)
Added Pin To Net: NetName=3.3V Pin=C1-2
Added Pin To Net: NetName=3.3V Pin=C4-1
Added Pin To Net: NetName=3.3V Pin=C5-1
Added Pin To Net: NetName=3.3V Pin=C6-1
Added Pin To Net: NetName=3.3V Pin=C7-1
Added Pin To Net: NetName=3.3V Pin=C13-1
Added Pin To Net: NetName=3.3V Pin=C15-1
Added Pin To Net: NetName=3.3V Pin=C16-2
Added Pin To Net: NetName=3.3V Pin=C17-2
Added Pin To Net: NetName=3.3V Pin=C21-1
Added Pin To Net: NetName=3.3V Pin=E2-1
Added Pin To Net: NetName=3.3V Pin=JP2-1
Added Pin To Net: NetName=3.3V Pin=LED1-3
Added Pin To Net: NetName=3.3V Pin=M1-2
Added Pin To Net: NetName=3.3V Pin=OLED_1-5
Added Pin To Net: NetName=3.3V Pin=OLED_1-7
Added Pin To Net: NetName=3.3V Pin=R1-2
Added Pin To Net: NetName=3.3V Pin=R2-2
Added Pin To Net: NetName=3.3V Pin=R3-1
Added Pin To Net: NetName=3.3V Pin=R4-1
Added Pin To Net: NetName=3.3V Pin=R6-2
Added Pin To Net: NetName=3.3V Pin=R8-2
Added Pin To Net: NetName=3.3V Pin=R11-2
Added Pin To Net: NetName=3.3V Pin=R14-1
Added Pin To Net: NetName=3.3V Pin=R15-1
Added Pin To Net: NetName=3.3V Pin=SW2-4
Added Pin To Net: NetName=3.3V Pin=U1-8
Added Pin To Net: NetName=3.3V Pin=U1-13
Added Pin To Net: NetName=3.3V Pin=U2-3
Added Pin To Net: NetName=3.3V Pin=U2-7
Added Pin To Net: NetName=3.3V Pin=U2-8
Added Pin To Net: NetName=3.3V Pin=U3-4
Added Pin To Net: NetName=3.3V Pin=U3-6
Added Pin To Net: NetName=3.3V Pin=U4-7
Added Pin To Net: NetName=3.3V Pin=U4-10
Added Pin To Net: NetName=3.3V Pin=V1-2
Added Pin To Net: NetName=3.3V Pin=V1-2
Added Net: Name=3.3V
Added Pin To Net: NetName=5V Pin=C20-1
Added Pin To Net: NetName=5V Pin=F1-1
Added Pin To Net: NetName=5V Pin=USBC1-A4
Added Pin To Net: NetName=5V Pin=USBC1-A9
Added Pin To Net: NetName=5V Pin=USBC1-B4
Added Pin To Net: NetName=5V Pin=USBC1-B9
Added Net: Name=5V
Added Pin To Net: NetName=A3.3V Pin=C18-2
Added Pin To Net: NetName=A3.3V Pin=C19-2
Added Pin To Net: NetName=A3.3V Pin=R14-2
Added Pin To Net: NetName=A3.3V Pin=U3-5
Added Net: Name=A3.3V
Added Pin To Net: NetName=CH340_RX Pin=U3-45
Added Pin To Net: NetName=CH340_RX Pin=U4-9
Added Net: Name=CH340_RX
Added Pin To Net: NetName=CH340_TX Pin=U3-46
Added Pin To Net: NetName=CH340_TX Pin=U4-8
Added Net: Name=CH340_TX
Added Pin To Net: NetName=FLASH_CS Pin=R8-1
Added Pin To Net: NetName=FLASH_CS Pin=U2-1
Added Pin To Net: NetName=FLASH_CS Pin=U3-24
Added Net: Name=FLASH_CS
Added Pin To Net: NetName=GND Pin=C1-1
Added Pin To Net: NetName=GND Pin=C2-1
Added Pin To Net: NetName=GND Pin=C3-1
Added Pin To Net: NetName=GND Pin=C4-2
Added Pin To Net: NetName=GND Pin=C5-2
Added Pin To Net: NetName=GND Pin=C6-2
Added Pin To Net: NetName=GND Pin=C7-2
Added Pin To Net: NetName=GND Pin=C8-1
Added Pin To Net: NetName=GND Pin=C9-1
Added Pin To Net: NetName=GND Pin=C10-1
Added Pin To Net: NetName=GND Pin=C13-2
Added Pin To Net: NetName=GND Pin=C14-1
Added Pin To Net: NetName=GND Pin=C16-1
Added Pin To Net: NetName=GND Pin=C17-1
Added Pin To Net: NetName=GND Pin=C18-1
Added Pin To Net: NetName=GND Pin=C19-1
Added Pin To Net: NetName=GND Pin=C20-2
Added Pin To Net: NetName=GND Pin=C21-2
Added Pin To Net: NetName=GND Pin=E1-2
Added Pin To Net: NetName=GND Pin=E2-2
Added Pin To Net: NetName=GND Pin=JP2-4
Added Pin To Net: NetName=GND Pin=LED2-2
Added Pin To Net: NetName=GND Pin=M1-1
Added Pin To Net: NetName=GND Pin=M1-15
Added Pin To Net: NetName=GND Pin=M1-38
Added Pin To Net: NetName=GND Pin=M1-39
Added Pin To Net: NetName=GND Pin=OLED_1-6
Added Pin To Net: NetName=GND Pin=R5-1
Added Pin To Net: NetName=GND Pin=R7-1
Added Pin To Net: NetName=GND Pin=R10-1
Added Pin To Net: NetName=GND Pin=R13-2
Added Pin To Net: NetName=GND Pin=R16-2
Added Pin To Net: NetName=GND Pin=R17-1
Added Pin To Net: NetName=GND Pin=SP1-1
Added Pin To Net: NetName=GND Pin=SP1-1
Added Pin To Net: NetName=GND Pin=SP1-1
Added Pin To Net: NetName=GND Pin=SP1-1
Added Pin To Net: NetName=GND Pin=SP1-1
Added Pin To Net: NetName=GND Pin=SP1-1
Added Pin To Net: NetName=GND Pin=SP1-1
Added Pin To Net: NetName=GND Pin=SP2-1
Added Pin To Net: NetName=GND Pin=SP2-1
Added Pin To Net: NetName=GND Pin=SP2-1
Added Pin To Net: NetName=GND Pin=SP2-1
Added Pin To Net: NetName=GND Pin=SP2-1
Added Pin To Net: NetName=GND Pin=SP2-1
Added Pin To Net: NetName=GND Pin=SP2-1
Added Pin To Net: NetName=GND Pin=SP3-1
Added Pin To Net: NetName=GND Pin=SP3-1
Added Pin To Net: NetName=GND Pin=SP3-1
Added Pin To Net: NetName=GND Pin=SP3-1
Added Pin To Net: NetName=GND Pin=SP3-1
Added Pin To Net: NetName=GND Pin=SP3-1
Added Pin To Net: NetName=GND Pin=SP3-1
Added Pin To Net: NetName=GND Pin=SP4-1
Added Pin To Net: NetName=GND Pin=SP4-1
Added Pin To Net: NetName=GND Pin=SP4-1
Added Pin To Net: NetName=GND Pin=SP4-1
Added Pin To Net: NetName=GND Pin=SP4-1
Added Pin To Net: NetName=GND Pin=SP4-1
Added Pin To Net: NetName=GND Pin=SP4-1
Added Pin To Net: NetName=GND Pin=SW1-4
Added Pin To Net: NetName=GND Pin=U1-1
Added Pin To Net: NetName=GND Pin=U1-11
Added Pin To Net: NetName=GND Pin=U1-18
Added Pin To Net: NetName=GND Pin=U1-18
Added Pin To Net: NetName=GND Pin=U2-4
Added Pin To Net: NetName=GND Pin=U3-7
Added Pin To Net: NetName=GND Pin=U4-3
Added Pin To Net: NetName=GND Pin=USBC1-0
Added Pin To Net: NetName=GND Pin=USBC1-0
Added Pin To Net: NetName=GND Pin=USBC1-0
Added Pin To Net: NetName=GND Pin=USBC1-0
Added Pin To Net: NetName=GND Pin=USBC1-A1
Added Pin To Net: NetName=GND Pin=USBC1-A12
Added Pin To Net: NetName=GND Pin=USBC1-B1
Added Pin To Net: NetName=GND Pin=USBC1-B12
Added Pin To Net: NetName=GND Pin=V1-1
Added Net: Name=GND
Added Pin To Net: NetName=G Pin=R9-3
Added Pin To Net: NetName=G Pin=R9-7
Added Net: Name=G
Added Pin To Net: NetName=IIC2_SCL Pin=R3-2
Added Pin To Net: NetName=IIC2_SCL Pin=U1-23
Added Pin To Net: NetName=IIC2_SCL Pin=U3-25
Added Net: Name=IIC2_SCL
Added Pin To Net: NetName=IIC2_SDA Pin=R4-2
Added Pin To Net: NetName=IIC2_SDA Pin=U1-24
Added Pin To Net: NetName=IIC2_SDA Pin=U3-26
Added Net: Name=IIC2_SDA
Added Pin To Net: NetName=KEY1 Pin=R12-2
Added Pin To Net: NetName=KEY1 Pin=U3-11
Added Net: Name=KEY1
Added Pin To Net: NetName=LED_B Pin=R9-5
Added Pin To Net: NetName=LED_B Pin=U3-20
Added Net: Name=LED_B
Added Pin To Net: NetName=LED_G Pin=R9-6
Added Pin To Net: NetName=LED_G Pin=U3-19
Added Net: Name=LED_G
Added Pin To Net: NetName=LED_R Pin=R9-8
Added Pin To Net: NetName=LED_R Pin=U3-18
Added Net: Name=LED_R
Added Pin To Net: NetName=NetC2_2 Pin=C2-2
Added Pin To Net: NetName=NetC2_2 Pin=U1-20
Added Net: Name=NetC2_2
Added Pin To Net: NetName=NetC3_2 Pin=C3-2
Added Pin To Net: NetName=NetC3_2 Pin=U1-10
Added Net: Name=NetC3_2
Added Pin To Net: NetName=NetC8_2 Pin=C8-2
Added Pin To Net: NetName=NetC8_2 Pin=C9-2
Added Pin To Net: NetName=NetC8_2 Pin=OLED_1-15
Added Net: Name=NetC8_2
Added Pin To Net: NetName=NetC10_2 Pin=C10-2
Added Pin To Net: NetName=NetC10_2 Pin=OLED_1-14
Added Net: Name=NetC10_2
Added Pin To Net: NetName=NetC11_1 Pin=C11-1
Added Pin To Net: NetName=NetC11_1 Pin=OLED_1-1
Added Net: Name=NetC11_1
Added Pin To Net: NetName=NetC11_2 Pin=C11-2
Added Pin To Net: NetName=NetC11_2 Pin=OLED_1-2
Added Net: Name=NetC11_2
Added Pin To Net: NetName=NetC12_1 Pin=C12-1
Added Pin To Net: NetName=NetC12_1 Pin=OLED_1-3
Added Net: Name=NetC12_1
Added Pin To Net: NetName=NetC12_2 Pin=C12-2
Added Pin To Net: NetName=NetC12_2 Pin=OLED_1-4
Added Net: Name=NetC12_2
Added Pin To Net: NetName=NetC15_2 Pin=C15-2
Added Pin To Net: NetName=NetC15_2 Pin=R12-1
Added Pin To Net: NetName=NetC15_2 Pin=R13-1
Added Pin To Net: NetName=NetC15_2 Pin=SW2-1
Added Net: Name=NetC15_2
Added Pin To Net: NetName=NetF1_2 Pin=F1-2
Added Pin To Net: NetName=NetF1_2 Pin=S1-2
Added Net: Name=NetF1_2
Added Pin To Net: NetName=NetLED1_1 Pin=LED1-1
Added Pin To Net: NetName=NetLED1_1 Pin=R9-1
Added Net: Name=NetLED1_1
Added Pin To Net: NetName=NetLED1_2 Pin=LED1-2
Added Pin To Net: NetName=NetLED1_2 Pin=R9-2
Added Net: Name=NetLED1_2
Added Pin To Net: NetName=NetLED1_4 Pin=LED1-4
Added Pin To Net: NetName=NetLED1_4 Pin=R9-4
Added Net: Name=NetLED1_4
Added Pin To Net: NetName=NetLED2_1 Pin=LED2-1
Added Pin To Net: NetName=NetLED2_1 Pin=R15-2
Added Net: Name=NetLED2_1
Added Pin To Net: NetName=NetM1_25 Pin=M1-25
Added Pin To Net: NetName=NetM1_25 Pin=R2-1
Added Net: Name=NetM1_25
Added Pin To Net: NetName=NetOLED_1_9 Pin=OLED_1-9
Added Net: Name=NetOLED_1_9
Added Pin To Net: NetName=NetOLED_1_10 Pin=OLED_1-10
Added Net: Name=NetOLED_1_10
Added Pin To Net: NetName=NetOLED_1_13 Pin=OLED_1-13
Added Pin To Net: NetName=NetOLED_1_13 Pin=R7-2
Added Net: Name=NetOLED_1_13
Added Pin To Net: NetName=NetR5_2 Pin=R5-2
Added Pin To Net: NetName=NetR5_2 Pin=U1-9
Added Net: Name=NetR5_2
Added Pin To Net: NetName=NetR16_1 Pin=R16-1
Added Pin To Net: NetName=NetR16_1 Pin=USBC1-B5
Added Net: Name=NetR16_1
Added Pin To Net: NetName=NetR17_2 Pin=R17-2
Added Pin To Net: NetName=NetR17_2 Pin=USBC1-A5
Added Net: Name=NetR17_2
Added Pin To Net: NetName=NRTS Pin=C14-2
Added Pin To Net: NetName=NRTS Pin=JP2-5
Added Pin To Net: NetName=NRTS Pin=R11-1
Added Pin To Net: NetName=NRTS Pin=SW1-1
Added Pin To Net: NetName=NRTS Pin=U3-10
Added Net: Name=NRTS
Added Pin To Net: NetName=PA1 Pin=U3-12
Added Net: Name=PA1
Added Pin To Net: NetName=PA2 Pin=M1-34
Added Pin To Net: NetName=PA2 Pin=U3-13
Added Net: Name=PA2
Added Pin To Net: NetName=PA3 Pin=M1-35
Added Pin To Net: NetName=PA3 Pin=U3-14
Added Net: Name=PA3
Added Pin To Net: NetName=PA4 Pin=U3-15
Added Net: Name=PA4
Added Pin To Net: NetName=PA5 Pin=U3-16
Added Net: Name=PA5
Added Pin To Net: NetName=PA6 Pin=OLED_1-8
Added Pin To Net: NetName=PA6 Pin=R6-1
Added Pin To Net: NetName=PA6 Pin=U3-17
Added Net: Name=PA6
Added Pin To Net: NetName=PA8 Pin=U3-28
Added Net: Name=PA8
Added Pin To Net: NetName=PA9 Pin=U3-29
Added Net: Name=PA9
Added Pin To Net: NetName=PA10 Pin=U3-32
Added Net: Name=PA10
Added Pin To Net: NetName=PA11 Pin=U3-33
Added Net: Name=PA11
Added Pin To Net: NetName=PA12 Pin=U3-34
Added Net: Name=PA12
Added Pin To Net: NetName=PA15 Pin=U3-37
Added Net: Name=PA15
Added Pin To Net: NetName=PB2 Pin=U2-2
Added Pin To Net: NetName=PB2 Pin=U3-21
Added Net: Name=PB2
Added Pin To Net: NetName=PB3 Pin=U3-42
Added Net: Name=PB3
Added Pin To Net: NetName=PB4 Pin=U3-43
Added Net: Name=PB4
Added Pin To Net: NetName=PB5 Pin=M1-3
Added Pin To Net: NetName=PB5 Pin=R1-1
Added Pin To Net: NetName=PB5 Pin=U3-44
Added Net: Name=PB5
Added Pin To Net: NetName=PB8 Pin=U3-47
Added Net: Name=PB8
Added Pin To Net: NetName=PB9 Pin=U3-48
Added Net: Name=PB9
Added Pin To Net: NetName=PB10 Pin=OLED_1-11
Added Pin To Net: NetName=PB10 Pin=U2-6
Added Pin To Net: NetName=PB10 Pin=U3-22
Added Net: Name=PB10
Added Pin To Net: NetName=PB11 Pin=OLED_1-12
Added Pin To Net: NetName=PB11 Pin=U2-5
Added Pin To Net: NetName=PB11 Pin=U3-23
Added Net: Name=PB11
Added Pin To Net: NetName=PB15 Pin=U3-27
Added Net: Name=PB15
Added Pin To Net: NetName=PC6 Pin=U3-30
Added Net: Name=PC6
Added Pin To Net: NetName=PC7 Pin=U3-31
Added Net: Name=PC7
Added Pin To Net: NetName=PC13 Pin=U3-1
Added Net: Name=PC13
Added Pin To Net: NetName=PC14 Pin=U3-2
Added Net: Name=PC14
Added Pin To Net: NetName=PC15 Pin=U3-3
Added Net: Name=PC15
Added Pin To Net: NetName=PD0 Pin=U3-38
Added Net: Name=PD0
Added Pin To Net: NetName=PD1 Pin=U3-39
Added Net: Name=PD1
Added Pin To Net: NetName=PD2 Pin=U3-40
Added Net: Name=PD2
Added Pin To Net: NetName=PD3 Pin=U3-41
Added Net: Name=PD3
Added Pin To Net: NetName=PF0 Pin=U3-8
Added Net: Name=PF0
Added Pin To Net: NetName=PF1 Pin=U3-9
Added Net: Name=PF1
Added Pin To Net: NetName=SW_5V Pin=E1-1
Added Pin To Net: NetName=SW_5V Pin=S1-3
Added Pin To Net: NetName=SW_5V Pin=V1-3
Added Net: Name=SW_5V
Added Pin To Net: NetName=SWD_DIO Pin=JP2-2
Added Pin To Net: NetName=SWD_DIO Pin=U3-35
Added Net: Name=SWD_DIO
Added Pin To Net: NetName=SWD_SCL Pin=JP2-3
Added Pin To Net: NetName=SWD_SCL Pin=R10-2
Added Pin To Net: NetName=SWD_SCL Pin=U3-36
Added Net: Name=SWD_SCL
Added Pin To Net: NetName=UD+ Pin=U4-1
Added Pin To Net: NetName=UD+ Pin=USBC1-A6
Added Pin To Net: NetName=UD+ Pin=USBC1-B6
Added Net: Name=UD+
Added Pin To Net: NetName=UD- Pin=U4-2
Added Pin To Net: NetName=UD- Pin=USBC1-A7
Added Pin To Net: NetName=UD- Pin=USBC1-B7
Added Net: Name=UD-
Added Class: Name=ESP32-S
Added Class: Name=MPU6050
Added Class: Name=OLED0.96
Added Class: Name=STM32
Added Class: Name=USB
Added Room: Name=ESP32-S
Added Room: Name=MPU6050
Added Room: Name=OLED0.96
Added Room: Name=STM32
Added Room: Name=USB
