Removed Pin From Net: NetName=GND Pin=SP1-1
Removed Pin From Net: NetName=GND Pin=SP1-1
Removed Pin From Net: NetName=GND Pin=SP1-1
Removed Pin From Net: NetName=GND Pin=SP1-1
Removed Pin From Net: NetName=GND Pin=SP1-1
Removed Pin From Net: NetName=GND Pin=SP1-1
Removed Pin From Net: NetName=GND Pin=SP1-1
Removed Pin From Net: NetName=GND Pin=SP2-1
Removed Pin From Net: NetName=GND Pin=SP2-1
Removed Pin From Net: NetName=GND Pin=SP2-1
Removed Pin From Net: NetName=GND Pin=SP2-1
Removed Pin From Net: NetName=GND Pin=SP2-1
Removed Pin From Net: NetName=GND Pin=SP2-1
Removed Pin From Net: NetName=GND Pin=SP2-1
Removed Pin From Net: NetName=GND Pin=SP3-1
Removed Pin From Net: NetName=GND Pin=SP3-1
Removed Pin From Net: NetName=GND Pin=SP3-1
Removed Pin From Net: NetName=GND Pin=SP3-1
Removed Pin From Net: NetName=GND Pin=SP3-1
Removed Pin From Net: NetName=GND Pin=SP3-1
Removed Pin From Net: NetName=GND Pin=SP3-1
Removed Pin From Net: NetName=GND Pin=SP4-1
Removed Pin From Net: NetName=GND Pin=SP4-1
Removed Pin From Net: NetName=GND Pin=SP4-1
Removed Pin From Net: NetName=GND Pin=SP4-1
Removed Pin From Net: NetName=GND Pin=SP4-1
Removed Pin From Net: NetName=GND Pin=SP4-1
Removed Pin From Net: NetName=GND Pin=SP4-1
Removed Member From Class: ClassName=USB Member=SP1
Removed Member From Class: ClassName=USB Member=SP2
Removed Member From Class: ClassName=USB Member=SP3
Removed Member From Class: ClassName=USB Member=SP4
Added Component: Designator=JP2(HDR2.54-WS-5P)
Added Pin To Net: NetName=3.3V Pin=JP2-1
Added Pin To Net: NetName=SWD_DIO Pin=JP2-2
Added Pin To Net: NetName=SWD_SCL Pin=JP2-3
Added Pin To Net: NetName=GND Pin=JP2-4
Added Pin To Net: NetName=NRTS Pin=JP2-5
Added Member To Class: ClassName=STM32 Member=Component JP2 HDR-1X5
Added Room: Name=OLED0.96
Added Room: Name=STM32
Added Room: Name=USB
