Removed Pin From Net: NetName=NetC11_1 Pin=OLED_1-1
Removed Pin From Net: NetName=NetC11_2 Pin=OLED_1-2
Removed Pin From Net: NetName=NetC12_1 Pin=OLED_1-3
Removed Pin From Net: NetName=NetC12_2 Pin=OLED_1-4
Removed Pin From Net: NetName=3.3V Pin=OLED_1-5
Removed Pin From Net: NetName=GND Pin=OLED_1-6
Removed Pin From Net: NetName=3.3V Pin=OLED_1-7
Removed Pin From Net: NetName=PA6 Pin=OLED_1-8
Removed Pin From Net: NetName=PB10 Pin=OLED_1-11
Removed Pin From Net: NetName=PB11 Pin=OLED_1-12
Removed Pin From Net: NetName=NetC10_2 Pin=OLED_1-14
Removed Pin From Net: NetName=NetC8_2 Pin=OLED_1-15
Removed Member From Class: ClassName=OLED0.96 Member=OLED_1
Added Component: Designator=DS1(OLED_0.91)
Added Pin To Net: NetName=NetC11_1 Pin=DS1-1
Added Pin To Net: NetName=NetC11_2 Pin=DS1-2
Added Pin To Net: NetName=NetC12_1 Pin=DS1-3
Added Pin To Net: NetName=NetC12_2 Pin=DS1-4
Added Pin To Net: NetName=3.3V Pin=DS1-5
Added Pin To Net: NetName=GND Pin=DS1-6
Added Pin To Net: NetName=3.3V Pin=DS1-7
Added Pin To Net: NetName=PA6 Pin=DS1-8
Added Pin To Net: NetName=PB10 Pin=DS1-11
Added Pin To Net: NetName=PB11 Pin=DS1-12
Added Pin To Net: NetName=NetC10_2 Pin=DS1-14
Added Pin To Net: NetName=NetC8_2 Pin=DS1-15
Added Pin To Net: NetName=NetDS1_9 Pin=DS1-9
Added Net: Name=NetDS1_9
Added Pin To Net: NetName=NetDS1_10 Pin=DS1-10
Added Net: Name=NetDS1_10
Added Pin To Net: NetName=NetDS1_13 Pin=DS1-13
Added Pin To Net: NetName=NetDS1_13 Pin=R7-2
Added Net: Name=NetDS1_13
Added Member To Class: ClassName=OLED0.96 Member=Component DS1 OLED_0.91
